<?xml version="1.0" encoding="UTF-8"?>
<!-- Generated by org.testng.reporters.JUnitReportReporter -->
<testsuite hostname="LAPTOP-3R3LAM9E" failures="0" tests="4" name="frist_selenium.Logintest" time="25.143" errors="0" timestamp="2022-03-27T17:31:30 EET" skipped="0">
  <testcase classname="frist_selenium.Logintest" name="TitleTest" time="5.608"/>
  <system-out/>
  <testcase classname="frist_selenium.Logintest" name="UrlTest" time="4.420"/>
  <system-out/>
  <testcase classname="frist_selenium.Logintest" name="LogoTest" time="4.469"/>
  <system-out/>
  <testcase classname="frist_selenium.Logintest" name="LoginTest" time="10.646"/>
  <system-out/>
</testsuite> <!-- frist_selenium.Logintest -->
