<?xml version="1.0" encoding="UTF-8"?>
<!-- Generated by org.testng.reporters.JUnitReportReporter -->
<testsuite hostname="LAPTOP-3R3LAM9E" failures="0" tests="1" name="frist_selenium.CartTestPage" time="30.681" errors="0" timestamp="2022-03-27T17:35:34 EET" skipped="0">
  <testcase classname="frist_selenium.CartTestPage" name="Cart" time="30.681"/>
  <system-out/>
</testsuite> <!-- frist_selenium.CartTestPage -->
