<?xml version="1.0" encoding="UTF-8"?>
<!-- Generated by org.testng.reporters.JUnitReportReporter -->
<testsuite hostname="LAPTOP-3R3LAM9E" failures="0" tests="1" name="frist_selenium.HomePageTest" time="30.577" errors="0" timestamp="2022-03-27T17:32:57 EET" skipped="0">
  <testcase classname="frist_selenium.HomePageTest" name="clickOnProduct" time="30.577"/>
  <system-out/>
</testsuite> <!-- frist_selenium.HomePageTest -->
