<?xml version="1.0" encoding="UTF-8"?>
<!-- Generated by org.testng.reporters.JUnitReportReporter -->
<testsuite hostname="LAPTOP-3R3LAM9E" failures="0" tests="1" name="frist_selenium.Logouttestpage" time="22.585" errors="0" timestamp="2022-03-27T17:39:48 EET" skipped="0">
  <testcase classname="frist_selenium.Logouttestpage" name="Logout" time="22.585"/>
  <system-out/>
</testsuite> <!-- frist_selenium.Logouttestpage -->
